Start testing: Sep 23 22:11 -03
----------------------------------------------------------
1/18 Testing: Compila_IfElse_01
1/18 Test: Compila_IfElse_01
Command: "/mnt/c/Users/marco/Documents/UNB/comp-java2csharp-fga-equipe4/build-wsl/java2csharp" "/mnt/c/Users/marco/Documents/UNB/comp-java2csharp-fga-equipe4/tests/input/IfElse_01.java"
Directory: /mnt/c/Users/marco/Documents/UNB/comp-java2csharp-fga-equipe4/build-wsl
"Compila_IfElse_01" start time: Sep 23 22:11 -03
Output:
----------------------------------------------------------

========== CODIGO GERADO ==========
using System;

namespace TranspiledProgram {
    public static class Principal {
        public static void Main(string[] args) {
            bool ativo = true;
            if (ativo) {
                Console.WriteLine(1);
            } else {
                Console.WriteLine(0);
            }
        }

    }
}
===================================
Arquivo 'Saida.cs' gerado com sucesso.
<end of output>
Test time =   0.07 sec
----------------------------------------------------------
Test Passed.
"Compila_IfElse_01" end time: Sep 23 22:11 -03
"Compila_IfElse_01" time elapsed: 00:00:00
----------------------------------------------------------

2/18 Testing: Valida_IfElse_01
2/18 Test: Valida_IfElse_01
Command: "/usr/bin/diff" "-u" "--strip-trailing-cr" "Saida.cs" "/mnt/c/Users/marco/Documents/UNB/comp-java2csharp-fga-equipe4/tests/expected/IfElse_01_expected.cs"
Directory: /mnt/c/Users/marco/Documents/UNB/comp-java2csharp-fga-equipe4/build-wsl
"Valida_IfElse_01" start time: Sep 23 22:11 -03
Output:
----------------------------------------------------------
<end of output>
Test time =   0.01 sec
----------------------------------------------------------
Test Passed.
"Valida_IfElse_01" end time: Sep 23 22:11 -03
"Valida_IfElse_01" time elapsed: 00:00:00
----------------------------------------------------------

End testing: Sep 23 22:11 -03
